ERROR:

> social-media-agency@0.0.0 build
> tsc -b && vite build

[36mvite v5.4.21 [32mbuilding for production...[36m[39m
transforming...
[32m✓[39m 21 modules transformed.

STDERR:
[31mx[39m Build failed in 4.50s
[31merror during build:
[31m[vite:css] [postcss] D:/Learning Dev/social-media-agency/src/index.css:1:1: The `border-border` class does not exist. If `border-border` is a custom class, make sure it is defined within a `@layer` directive.[31m
file: [36mD:/Learning Dev/social-media-agency/src/index.css:1:0[31m
    at Input.error (D:\Learning Dev\social-media-agency\node_modules\postcss\lib\input.js:135:16)
    at AtRule.error (D:\Learning Dev\social-media-agency\node_modules\postcss\lib\node.js:146:32)
    at processApply (D:\Learning Dev\social-media-agency\node_modules\tailwindcss\lib\lib\expandApplyAtRules.js:380:29)
    at D:\Learning Dev\social-media-agency\node_modules\tailwindcss\lib\lib\expandApplyAtRules.js:551:9
    at D:\Learning Dev\social-media-agency\node_modules\tailwindcss\lib\processTailwindFeatures.js:55:50
    at async plugins (D:\Learning Dev\social-media-agency\node_modules\tailwindcss\lib\plugin.js:38:17)
    at async LazyResult.runAsync (D:\Learning Dev\social-media-agency\node_modules\postcss\lib\lazy-result.js:293:11)
    at async compileCSS (file:///D:/Learning%20Dev/social-media-agency/node_modules/vite/dist/node/chunks/dep-BK3b2jBa.js:36898:21)
    at async Object.transform (file:///D:/Learning%20Dev/social-media-agency/node_modules/vite/dist/node/chunks/dep-BK3b2jBa.js:36171:11)
    at async transform (file:///D:/Learning%20Dev/social-media-agency/node_modules/rollup/dist/es/shared/node-entry.js:21269:16)[39m
